# JRE version: OpenJDK Runtime Environment (17.0.7) (build 17.0.7+0-b2043.56-10550314)
# Java VM: OpenJDK 64-Bit Server VM (17.0.7+0-b2043.56-10550314, mixed mode, tiered, compressed oops, compressed class ptrs, g1 gc, windows-amd64)
GC Precious Log:
 CPUs: 12 total, 12 available
 Memory: 15711M
 Large Page Support: Disabled
 NUMA Support: Disabled
 Compressed Oops: Enabled (32-bit)
 Heap Region Size: 1M
 Heap Min Capacity: 8M
 Heap Initial Capacity: 246M
 Heap Max Capacity: 2G
 Pre-touch: Disabled
 Parallel Workers: 10
 Concurrent Workers: 3
 Concurrent Refinement Workers: 10
 Periodic GC: Disabled
Heap:
 garbage-first heap   total 344064K, used 227458K [0x0000000080000000, 0x0000000100000000)
  region size 1024K, 126 young (129024K), 9 survivors (9216K)
 Metaspace       used 125726K, committed 126528K, reserved 1179648K
  class space    used 17431K, committed 17792K, reserved 1048576K
GC Heap History (20 events):
Event: 15.230 GC heap before
{Heap before GC invocations=48 (full 0):
 garbage-first heap   total 141312K, used 113486K [0x0000000080000000, 0x0000000100000000)
  region size 1024K, 46 young (47104K), 4 survivors (4096K)
 Metaspace       used 91913K, committed 92544K, reserved 1179648K
  class space    used 12680K, committed 12992K, reserved 1048576K
}
Event: 15.234 GC heap after
{Heap after GC invocations=49 (full 0):
 garbage-first heap   total 141312K, used 72679K [0x0000000080000000, 0x0000000100000000)
  region size 1024K, 5 young (5120K), 5 survivors (5120K)
 Metaspace       used 91913K, committed 92544K, reserved 1179648K
  class space    used 12680K, committed 12992K, reserved 1048576K
}
Event: 15.247 GC heap before
{Heap before GC invocations=49 (full 0):
 garbage-first heap   total 141312K, used 73703K [0x0000000080000000, 0x0000000100000000)
  region size 1024K, 6 young (6144K), 5 survivors (5120K)
 Metaspace       used 91956K, committed 92544K, reserved 1179648K
  class space    used 12683K, committed 12992K, reserved 1048576K
}
Event: 15.250 GC heap after
{Heap after GC invocations=50 (full 0):
 garbage-first heap   total 141312K, used 72521K [0x0000000080000000, 0x0000000100000000)
  region size 1024K, 1 young (1024K), 1 survivors (1024K)
 Metaspace       used 91956K, committed 92544K, reserved 1179648K
  class space    used 12683K, committed 12992K, reserved 1048576K
}
Event: 15.748 GC heap before
{Heap before GC invocations=50 (full 0):
 garbage-first heap   total 141312K, used 114505K [0x0000000080000000, 0x0000000100000000)
  region size 1024K, 42 young (43008K), 1 survivors (1024K)
 Metaspace       used 95497K, committed 96192K, reserved 1179648K
  class space    used 13152K, committed 13504K, reserved 1048576K
}
Event: 15.751 GC heap after
{Heap after GC invocations=51 (full 0):
 garbage-first heap   total 141312K, used 75272K [0x0000000080000000, 0x0000000100000000)
  region size 1024K, 4 young (4096K), 4 survivors (4096K)
 Metaspace       used 95497K, committed 96192K, reserved 1179648K
  class space    used 13152K, committed 13504K, reserved 1048576K
}
Event: 16.052 GC heap before
{Heap before GC invocations=52 (full 0):
 garbage-first heap   total 141312K, used 115208K [0x0000000080000000, 0x0000000100000000)
  region size 1024K, 43 young (44032K), 4 survivors (4096K)
 Metaspace       used 95779K, committed 96448K, reserved 1179648K
  class space    used 13171K, committed 13504K, reserved 1048576K
}
Event: 16.059 GC heap after
{Heap after GC invocations=53 (full 0):
 garbage-first heap   total 141312K, used 81622K [0x0000000080000000, 0x0000000100000000)
  region size 1024K, 6 young (6144K), 6 survivors (6144K)
 Metaspace       used 95779K, committed 96448K, reserved 1179648K
  class space    used 13171K, committed 13504K, reserved 1048576K
}
Event: 16.066 GC heap before
{Heap before GC invocations=53 (full 0):
 garbage-first heap   total 141312K, used 82646K [0x0000000080000000, 0x0000000100000000)
  region size 1024K, 7 young (7168K), 6 survivors (6144K)
 Metaspace       used 95783K, committed 96448K, reserved 1179648K
  class space    used 13171K, committed 13504K, reserved 1048576K
}
Event: 16.071 GC heap after
{Heap after GC invocations=54 (full 0):
 garbage-first heap   total 141312K, used 82124K [0x0000000080000000, 0x0000000100000000)
  region size 1024K, 1 young (1024K), 1 survivors (1024K)
 Metaspace       used 95783K, committed 96448K, reserved 1179648K
  class space    used 13171K, committed 13504K, reserved 1048576K
}
Event: 16.949 GC heap before
{Heap before GC invocations=54 (full 0):
 garbage-first heap   total 141312K, used 114892K [0x0000000080000000, 0x0000000100000000)
  region size 1024K, 33 young (33792K), 1 survivors (1024K)
 Metaspace       used 97835K, committed 98496K, reserved 1179648K
  class space    used 13562K, committed 13888K, reserved 1048576K
}
Event: 16.953 GC heap after
{Heap after GC invocations=55 (full 0):
 garbage-first heap   total 141312K, used 85786K [0x0000000080000000, 0x0000000100000000)
  region size 1024K, 5 young (5120K), 5 survivors (5120K)
 Metaspace       used 97835K, committed 98496K, reserved 1179648K
  class space    used 13562K, committed 13888K, reserved 1048576K
}
Event: 17.210 GC heap before
{Heap before GC invocations=56 (full 0):
 garbage-first heap   total 158720K, used 114458K [0x0000000080000000, 0x0000000100000000)
  region size 1024K, 34 young (34816K), 5 survivors (5120K)
 Metaspace       used 97924K, committed 98624K, reserved 1179648K
  class space    used 13563K, committed 13888K, reserved 1048576K
}
Event: 17.216 GC heap after
{Heap after GC invocations=57 (full 0):
 garbage-first heap   total 158720K, used 88924K [0x0000000080000000, 0x0000000100000000)
  region size 1024K, 4 young (4096K), 4 survivors (4096K)
 Metaspace       used 97924K, committed 98624K, reserved 1179648K
  class space    used 13563K, committed 13888K, reserved 1048576K
}
Event: 17.250 GC heap before
{Heap before GC invocations=57 (full 0):
 garbage-first heap   total 158720K, used 90972K [0x0000000080000000, 0x0000000100000000)
  region size 1024K, 7 young (7168K), 4 survivors (4096K)
 Metaspace       used 97939K, committed 98624K, reserved 1179648K
  class space    used 13563K, committed 13888K, reserved 1048576K
}
Event: 17.254 GC heap after
{Heap after GC invocations=58 (full 0):
 garbage-first heap   total 344064K, used 89010K [0x0000000080000000, 0x0000000100000000)
  region size 1024K, 1 young (1024K), 1 survivors (1024K)
 Metaspace       used 97939K, committed 98624K, reserved 1179648K
  class space    used 13563K, committed 13888K, reserved 1048576K
}
Event: 19.781 GC heap before
{Heap before GC invocations=58 (full 0):
 garbage-first heap   total 344064K, used 270258K [0x0000000080000000, 0x0000000100000000)
  region size 1024K, 172 young (176128K), 1 survivors (1024K)
 Metaspace       used 107429K, committed 108096K, reserved 1179648K
  class space    used 14655K, committed 14976K, reserved 1048576K
}
Event: 19.794 GC heap after
{Heap after GC invocations=59 (full 0):
 garbage-first heap   total 344064K, used 108385K [0x0000000080000000, 0x0000000100000000)
  region size 1024K, 18 young (18432K), 18 survivors (18432K)
 Metaspace       used 107429K, committed 108096K, reserved 1179648K
  class space    used 14655K, committed 14976K, reserved 1048576K
}
Event: 22.178 GC heap before
{Heap before GC invocations=59 (full 0):
 garbage-first heap   total 344064K, used 246625K [0x0000000080000000, 0x0000000100000000)
  region size 1024K, 154 young (157696K), 18 survivors (18432K)
 Metaspace       used 111664K, committed 112448K, reserved 1179648K
  class space    used 15233K, committed 15616K, reserved 1048576K
}
Event: 22.205 GC heap after
{Heap after GC invocations=60 (full 0):
 garbage-first heap   total 344064K, used 109698K [0x0000000080000000, 0x0000000100000000)
  region size 1024K, 9 young (9216K), 9 survivors (9216K)
 Metaspace       used 111664K, committed 112448K, reserved 1179648K
  class space    used 15233K, committed 15616K, reserved 1048576K
}

